<?xml version="1.0" encoding="UTF-8"?>
<Site BuildName="(empty)"
	BuildStamp="20241114-1927-Experimental"
	Name="(empty)"
	Generator="ctest-3.30.5"
	CompilerName=""
	CompilerVersion=""
	OSName="Linux"
	Hostname="brb484-IdeaPad-Slim-3-14AMN8"
	OSRelease="6.8.0-48-generic"
	OSVersion="#48~22.04.1-Ubuntu SMP PREEMPT_DYNAMIC Mon Oct  7 11:24:13 UTC 2"
	OSPlatform="x86_64"
	Is64Bits="1"
	VendorString="AuthenticAMD"
	VendorID="Advanced Micro Devices"
	FamilyID="23"
	ModelID="160"
	ProcessorCacheSize="512"
	NumberOfLogicalCPU="8"
	NumberOfPhysicalCPU="4"
	TotalVirtualMemory="0"
	TotalPhysicalMemory="5745"
	LogicalProcessorsPerPhysical="2"
	ProcessorClockFrequency="3556.13"
	>
	<Testing>
		<StartDateTime>Nov 15 00:29 MSK</StartDateTime>
		<StartTestTime>1731619746</StartTestTime>
		<TestList/>
		<EndDateTime>Nov 15 00:29 MSK</EndDateTime>
		<EndTestTime>1731619746</EndTestTime>
		<ElapsedMinutes>0</ElapsedMinutes>
	</Testing>
</Site>
